<?xml version="1.0" encoding="UTF-8" ?>
<testsuite tests="20" failures="0" name="br.inatel.cdg.test.mockito.TesteBuscaDados" time="0.391" errors="0" skipped="0">
  <properties>
    <property name="java.runtime.name" value="OpenJDK Runtime Environment"/>
    <property name="sun.boot.library.path" value="/usr/lib/jvm/java-8-openjdk-amd64/jre/lib/amd64"/>
    <property name="java.vm.version" value="25.402-b06"/>
    <property name="java.vm.vendor" value="Private Build"/>
    <property name="maven.multiModuleProjectDirectory" value="/home/inajaha/Área de Trabalho/c214/Teoria/Exe_1"/>
    <property name="java.vendor.url" value="http://java.oracle.com/"/>
    <property name="path.separator" value=":"/>
    <property name="guice.disable.misplaced.annotation.check" value="true"/>
    <property name="java.vm.name" value="OpenJDK 64-Bit Server VM"/>
    <property name="file.encoding.pkg" value="sun.io"/>
    <property name="user.country" value="BR"/>
    <property name="sun.java.launcher" value="SUN_STANDARD"/>
    <property name="sun.os.patch.level" value="unknown"/>
    <property name="java.vm.specification.name" value="Java Virtual Machine Specification"/>
    <property name="user.dir" value="/home/inajaha/Área de Trabalho/c214/Teoria/Exe_1"/>
    <property name="java.runtime.version" value="1.8.0_402-8u402-ga-2ubuntu1~22.04-b06"/>
    <property name="java.awt.graphicsenv" value="sun.awt.X11GraphicsEnvironment"/>
    <property name="java.endorsed.dirs" value="/usr/lib/jvm/java-8-openjdk-amd64/jre/lib/endorsed"/>
    <property name="os.arch" value="amd64"/>
    <property name="java.io.tmpdir" value="/tmp"/>
    <property name="line.separator" value="
"/>
    <property name="java.vm.specification.vendor" value="Oracle Corporation"/>
    <property name="os.name" value="Linux"/>
    <property name="classworlds.conf" value="/usr/share/maven/bin/m2.conf"/>
    <property name="sun.jnu.encoding" value="UTF-8"/>
    <property name="java.library.path" value="/usr/java/packages/lib/amd64:/usr/lib/x86_64-linux-gnu/jni:/lib/x86_64-linux-gnu:/usr/lib/x86_64-linux-gnu:/usr/lib/jni:/lib:/usr/lib"/>
    <property name="maven.conf" value="/usr/share/maven/conf"/>
    <property name="java.specification.name" value="Java Platform API Specification"/>
    <property name="java.class.version" value="52.0"/>
    <property name="sun.management.compiler" value="HotSpot 64-Bit Tiered Compilers"/>
    <property name="os.version" value="6.5.0-26-generic"/>
    <property name="library.jansi.path" value="/usr/share/maven/lib/jansi-native"/>
    <property name="user.home" value="/home/inajaha"/>
    <property name="user.timezone" value="America/Sao_Paulo"/>
    <property name="java.awt.printerjob" value="sun.print.PSPrinterJob"/>
    <property name="java.specification.version" value="1.8"/>
    <property name="file.encoding" value="UTF-8"/>
    <property name="user.name" value="inajaha"/>
    <property name="java.class.path" value="/usr/share/maven/boot/plexus-classworlds-2.x.jar"/>
    <property name="java.vm.specification.version" value="1.8"/>
    <property name="sun.arch.data.model" value="64"/>
    <property name="java.home" value="/usr/lib/jvm/java-8-openjdk-amd64/jre"/>
    <property name="sun.java.command" value="org.codehaus.plexus.classworlds.launcher.Launcher clean install"/>
    <property name="java.specification.vendor" value="Oracle Corporation"/>
    <property name="user.language" value="pt"/>
    <property name="awt.toolkit" value="sun.awt.X11.XToolkit"/>
    <property name="java.vm.info" value="mixed mode"/>
    <property name="java.version" value="1.8.0_402"/>
    <property name="java.ext.dirs" value="/usr/lib/jvm/java-8-openjdk-amd64/jre/lib/ext:/usr/java/packages/lib/ext"/>
    <property name="sun.boot.class.path" value="/usr/lib/jvm/java-8-openjdk-amd64/jre/lib/resources.jar:/usr/lib/jvm/java-8-openjdk-amd64/jre/lib/rt.jar:/usr/lib/jvm/java-8-openjdk-amd64/jre/lib/sunrsasign.jar:/usr/lib/jvm/java-8-openjdk-amd64/jre/lib/jsse.jar:/usr/lib/jvm/java-8-openjdk-amd64/jre/lib/jce.jar:/usr/lib/jvm/java-8-openjdk-amd64/jre/lib/charsets.jar:/usr/lib/jvm/java-8-openjdk-amd64/jre/lib/jfr.jar:/usr/lib/jvm/java-8-openjdk-amd64/jre/classes"/>
    <property name="java.vendor" value="Private Build"/>
    <property name="java.specification.maintenance.version" value="5"/>
    <property name="maven.home" value="/usr/share/maven"/>
    <property name="file.separator" value="/"/>
    <property name="java.vendor.url.bug" value="http://bugreport.sun.com/bugreport/"/>
    <property name="sun.cpu.endian" value="little"/>
    <property name="sun.io.unicode.encoding" value="UnicodeLittle"/>
    <property name="sun.desktop" value="gnome"/>
    <property name="sun.cpu.isalist" value=""/>
  </properties>
  <testcase classname="br.inatel.cdg.test.mockito.TesteBuscaDados" name="testBuscaProfessorChris" time="0.369"/>
  <testcase classname="br.inatel.cdg.test.mockito.TesteBuscaDados" name="testBuscaProfessorRenzo" time="0.001"/>
  <testcase classname="br.inatel.cdg.test.mockito.TesteBuscaDados" name="testNomeDoProfessorCorreto" time="0.001"/>
  <testcase classname="br.inatel.cdg.test.mockito.TesteBuscaDados" name="testNomeDoProfessorIncorreto" time="0.001"/>
  <testcase classname="br.inatel.cdg.test.mockito.TesteBuscaDados" name="testBuscaProfessorYvo" time="0.001"/>
  <testcase classname="br.inatel.cdg.test.mockito.TesteBuscaDados" name="testBuscaProfessorInexistente" time="0.001"/>
  <testcase classname="br.inatel.cdg.test.mockito.TesteBuscaDados" name="testBuscaNomeDoProfessorInexistente" time="0.001"/>
  <testcase classname="br.inatel.cdg.test.mockito.TesteBuscaDados" name="testBuscaNomeDoProfessor" time="0"/>
  <testcase classname="br.inatel.cdg.test.mockito.TesteBuscaDados" name="testBuscaPeriodoDoProfessorInexistente" time="0.002"/>
  <testcase classname="br.inatel.cdg.test.mockito.TesteBuscaDados" name="testBuscaProfessorJoao" time="0.002"/>
  <testcase classname="br.inatel.cdg.test.mockito.TesteBuscaDados" name="testBuscaProfessorMarcelo" time="0.001"/>
  <testcase classname="br.inatel.cdg.test.mockito.TesteBuscaDados" name="testBuscaNomeDoProfessorYvo" time="0.001"/>
  <testcase classname="br.inatel.cdg.test.mockito.TesteBuscaDados" name="testNomeVazio" time="0"/>
  <testcase classname="br.inatel.cdg.test.mockito.TesteBuscaDados" name="testBuscaPeriodoESalaDoProfessorInexistente" time="0.001"/>
  <testcase classname="br.inatel.cdg.test.mockito.TesteBuscaDados" name="testBuscaSalaDoProfessor" time="0.001"/>
  <testcase classname="br.inatel.cdg.test.mockito.TesteBuscaDados" name="testBuscaHorarioDoProfessor" time="0.002"/>
  <testcase classname="br.inatel.cdg.test.mockito.TesteBuscaDados" name="testBuscaDadosDoProfessorInexistente" time="0.002"/>
  <testcase classname="br.inatel.cdg.test.mockito.TesteBuscaDados" name="testBuscaHorarioDoProfessorInexistente" time="0.001"/>
  <testcase classname="br.inatel.cdg.test.mockito.TesteBuscaDados" name="testBuscaSalaDoProfessorInexistente" time="0.002"/>
  <testcase classname="br.inatel.cdg.test.mockito.TesteBuscaDados" name="testNomeNulo" time="0.001"/>
</testsuite>